2024-10-23T07:27:33.305-03:00  INFO 16240 --- [book-store] [main] c.silva.bookstore.BookStoreApplication   : Starting BookStoreApplication using Java 22.0.1 with PID 16240 (C:\dev\book-ultimate\book-ultimate-patterns\sidecar-example-k8s\book-store\target\classes started by User in C:\dev\book-ultimate\book-ultimate-patterns\sidecar-example-k8s)
2024-10-23T07:27:33.305-03:00  INFO 16240 --- [book-store] [main] c.silva.bookstore.BookStoreApplication   : No active profile set, falling back to 1 default profile: "default"
2024-10-23T07:27:36.110-03:00  INFO 16240 --- [book-store] [main] o.s.b.w.embedded.tomcat.TomcatWebServer  : Tomcat initialized with port 8080 (http)
2024-10-23T07:27:36.157-03:00  INFO 16240 --- [book-store] [main] o.apache.catalina.core.StandardService   : Starting service [Tomcat]
2024-10-23T07:27:36.157-03:00  INFO 16240 --- [book-store] [main] o.apache.catalina.core.StandardEngine    : Starting Servlet engine: [Apache Tomcat/10.1.30]
2024-10-23T07:27:36.364-03:00  INFO 16240 --- [book-store] [main] o.a.c.c.C.[Tomcat].[localhost].[/]       : Initializing Spring embedded WebApplicationContext
2024-10-23T07:27:36.364-03:00  INFO 16240 --- [book-store] [main] w.s.c.ServletWebServerApplicationContext : Root WebApplicationContext: initialization completed in 2949 ms
2024-10-23T07:27:38.385-03:00  INFO 16240 --- [book-store] [main] o.s.b.a.e.web.EndpointLinksResolver      : Exposing 1 endpoint beneath base path '/actuator'
2024-10-23T07:27:38.561-03:00  INFO 16240 --- [book-store] [main] o.s.b.w.embedded.tomcat.TomcatWebServer  : Tomcat started on port 8080 (http) with context path '/'
2024-10-23T07:27:38.587-03:00  INFO 16240 --- [book-store] [main]
c.silva.bookstore.BookStoreApplication   : Started BookStoreApplication in 6.15 seconds (process running for 7.754)
Dori1
Dori2
Dori3
2024-10-23T07:31:07.185-03:00  INFO 16240 --- [book-store] [http-nio-8080-exec-2] o.a.c.c.C.[Tomcat].[localhost].[/]       : Initializing Spring DispatcherServlet 'dispatcherServlet'
2024-10-23T07:31:07.185-03:00  INFO 16240 --- [book-store] [http-nio-8080-exec-2] o.s.web.servlet.DispatcherServlet        : Initializing Servlet 'dispatcherServlet'
2024-10-23T07:31:07.185-03:00  INFO 16240 --- [book-store] [http-nio-8080-exec-2] o.s.web.servlet.DispatcherServlet        : Completed initialization in 0 ms
2024-10-23T07:31:08.502-03:00  INFO 16240 --- [book-store] [http-nio-8080-exec-8] o.springdoc.api.AbstractOpenApiResource  : Init duration for springdoc-openapi is: 434 ms
2024-10-23T07:31:39.788-03:00  INFO 16240 --- [book-store] [http-nio-8080-exec-9] c.s.b.controlleer.BookController         : Creating book: Book{id=null, title='Java 23', author='Dorival Querino'}
2024-10-23T07:31:49.410-03:00  INFO 16240 --- [book-store] [http-nio-8080-exec-10] c.s.b.controlleer.BookController         : Creating book: Book{id=null, title='Java 23', author='Dorival Querino'}
2024-10-23T07:32:01.738-03:00  INFO 16240 --- [book-store] [http-nio-8080-exec-2] c.s.b.controlleer.BookController         : Creating book: Book{id=null, title='Java 24', author='Dorival Querino 2'}
Build and run the application in the Docker container:
mvn clean package
docker build -t log-service:latest .
docker run -p 8081:8081 log-service:latest

docker push dorivalq/book-store
docker push dorivalq/log-service

